2023-08-06 11:02:24,891 Extracting MIDI data for 0vLPYiPN7qY...
2023-08-06 11:02:37,130 Success (1/32)
2023-08-06 11:02:37,132 Extracting MIDI data for eVMSeElk81Q...
2023-08-06 11:02:48,024 Success (2/32)
2023-08-06 11:02:48,026 Extracting MIDI data for _BK2o77sTc0...
2023-08-06 11:02:51,690 Success (3/32)
2023-08-06 11:02:51,692 Extracting MIDI data for QwsQ8ejbMKg...
2023-08-06 11:03:00,213 Success (4/32)
2023-08-06 11:03:00,215 Extracting MIDI data for zHwJG8Rrx6c...
2023-08-06 11:03:10,572 Success (5/32)
2023-08-06 11:03:10,573 Extracting MIDI data for VXgRfsVd_o0...
2023-08-06 11:03:24,973 Success (6/32)
2023-08-06 11:03:24,975 Extracting MIDI data for r6laJv1-HMg...
2023-08-06 11:03:28,742 Success (7/32)
2023-08-06 11:03:28,749 Extracting MIDI data for zmZHNy9T8Pg...
2023-08-06 11:03:38,114 Success (8/32)
2023-08-06 11:03:38,116 Extracting MIDI data for _FVzelKlBFs...
2023-08-06 11:03:57,723 Success (9/32)
2023-08-06 11:03:57,728 Extracting MIDI data for P-We4q3goKU...
2023-08-06 11:04:33,772 Success (10/32)
2023-08-06 11:04:33,775 Extracting MIDI data for o20YCzej5_s...
2023-08-06 11:04:45,343 Success (11/32)
2023-08-06 11:04:45,345 Extracting MIDI data for Iq6g_4AwUWs...
2023-08-06 11:04:55,002 Success (12/32)
2023-08-06 11:04:55,003 Extracting MIDI data for GwdQliEv6Z0...
2023-08-06 11:05:03,081 Success (13/32)
2023-08-06 11:05:03,082 Extracting MIDI data for Kk60F8a7-Jw...
2023-08-06 11:05:05,804 Success (14/32)
2023-08-06 11:05:05,807 Extracting MIDI data for OCqMDeD6Fmc...
2023-08-06 11:05:24,675 Success (15/32)
2023-08-06 11:05:24,676 Extracting MIDI data for RiQMuhk_SuQ...
2023-08-06 11:05:51,273 Success (16/32)
2023-08-06 11:05:51,274 Extracting MIDI data for wxXpvnmq_-E...
2023-08-06 11:05:54,298 Success (17/32)
2023-08-06 11:05:54,299 Extracting MIDI data for zvWX_dwQPtU...
2023-08-06 11:06:01,762 Success (18/32)
2023-08-06 11:06:01,764 Extracting MIDI data for dCoUuknChhE...
2023-08-06 11:06:02,607 Success (19/32)
2023-08-06 11:06:02,608 Extracting MIDI data for 02t1bj7ZABY...
2023-08-06 11:06:06,566 Success (20/32)
2023-08-06 11:06:06,567 Extracting MIDI data for FOcdHIhI0_s...
2023-08-06 11:06:10,251 Success (21/32)
2023-08-06 11:06:10,252 Extracting MIDI data for Ie5koh4qvJc...
2023-08-06 11:06:36,059 Success (22/32)
2023-08-06 11:06:36,061 Extracting MIDI data for f0NbGeyJYms...
2023-08-06 11:06:38,305 Success (23/32)
2023-08-06 11:06:38,306 Extracting MIDI data for fnqb8zqHqdY...
2023-08-06 11:06:42,305 Success (24/32)
2023-08-06 11:06:42,306 Extracting MIDI data for iHPKusssXzk...
2023-08-06 11:06:46,733 Success (25/32)
2023-08-06 11:06:46,734 Extracting MIDI data for XC_SiJszQx0...
2023-08-06 11:06:49,268 Success (26/32)
2023-08-06 11:06:49,270 Extracting MIDI data for 3TYeU9idRGI...
2023-08-06 11:06:51,494 Success (27/32)
2023-08-06 11:06:51,495 Extracting MIDI data for VXh4IaR5C6s...
2023-08-06 11:06:55,294 Success (28/32)
2023-08-06 11:06:55,296 Extracting MIDI data for 5DqIntcmdRI...
2023-08-06 11:07:03,498 Success (29/32)
2023-08-06 11:07:03,499 Extracting MIDI data for 1fdxsFbnsX4...
2023-08-06 11:07:05,625 Success (30/32)
2023-08-06 11:07:05,626 Extracting MIDI data for g15aRCHUJEI...
2023-08-06 11:07:07,644 Success (31/32)
2023-08-06 11:07:07,645 Extracting MIDI data for OUb9uaOlWAM...
2023-08-06 11:07:08,701 Success (32/32)
2023-08-06 11:07:08,790 (89, 857, 3)
2023-08-06 11:07:08,826 (89, 413, 14)
2023-08-06 11:07:08,888 (89,)
